<?xml version="1.0" encoding="UTF-8"?>
<!-- Generated by org.testng.reporters.JUnitXMLReporter -->
<testsuite ignored="0" hostname="DESKTOP-B4VGDFI" failures="0" tests="3" name="ChromeTest" time="21.884" errors="0" timestamp="2026-08-12T22:04:29 IST">
  <testcase classname="testng.ParallelTesting" name="lauchApp" time="12.839"/>
  <testcase classname="testng.ParallelTesting" name="login" time="8.588"/>
  <testcase classname="testng.ParallelTesting" name="Exit" time="0.358"/>
</testsuite> <!-- ChromeTest -->
