<?xml version="1.0" encoding="UTF-8"?>
<!-- Generated by org.testng.reporters.JUnitXMLReporter -->
<testsuite ignored="0" hostname="DESKTOP-B4VGDFI" failures="0" tests="3" name="EdgeTest" time="21.579" errors="0" timestamp="2026-08-12T22:04:29 IST">
  <testcase classname="testng.ParallelTesting" name="lauchApp" time="8.066"/>
  <testcase classname="testng.ParallelTesting" name="login" time="12.8"/>
  <testcase classname="testng.ParallelTesting" name="Exit" time="0.464"/>
</testsuite> <!-- EdgeTest -->
