<?xml version="1.0" encoding="UTF-8"?>
<!-- Generated by org.testng.reporters.JUnitXMLReporter -->
<testsuite ignored="0" hostname="DESKTOP-B4VGDFI" failures="0" tests="3" name="FireFoxTest" time="21.759" errors="0" timestamp="2026-08-12T22:04:29 IST">
  <testcase classname="testng.ParallelTesting" name="lauchApp" time="11.727"/>
  <testcase classname="testng.ParallelTesting" name="login" time="8.379"/>
  <testcase classname="testng.ParallelTesting" name="Exit" time="1.556"/>
</testsuite> <!-- FireFoxTest -->
