<?xml version="1.0" encoding="UTF-8"?>
<!-- Generated by org.testng.reporters.JUnitReportReporter -->
<testsuite hostname="DESKTOP-B4VGDFI" failures="0" tests="9" name="testng.ParallelTesting" time="64.777" errors="0" timestamp="2026-08-12T22:04:29 IST" skipped="0">
  <testcase classname="testng.ParallelTesting" name="lauchApp" time="8.066"/>
  <testcase classname="testng.ParallelTesting" name="lauchApp" time="11.727"/>
  <testcase classname="testng.ParallelTesting" name="lauchApp" time="12.839"/>
  <testcase classname="testng.ParallelTesting" name="login" time="8.588"/>
  <testcase classname="testng.ParallelTesting" name="login" time="8.379"/>
  <testcase classname="testng.ParallelTesting" name="login" time="12.800"/>
  <testcase classname="testng.ParallelTesting" name="Exit" time="0.358"/>
  <testcase classname="testng.ParallelTesting" name="Exit" time="0.464"/>
  <testcase classname="testng.ParallelTesting" name="Exit" time="1.556"/>
</testsuite> <!-- testng.ParallelTesting -->
