<?xml version="1.0" encoding="UTF-8"?>
<!-- Generated by org.testng.reporters.JUnitReportReporter -->
<testsuite hostname="DESKTOP-B4VGDFI" failures="0" tests="3" name="testng.TestNGDemo" time="0.014" errors="0" timestamp="2026-08-03T22:14:43 IST" skipped="0">
  <testcase classname="testng.TestNGDemo" name="logout" time="0.010"/>
  <testcase classname="testng.TestNGDemo" name="login" time="0.001"/>
  <testcase classname="testng.TestNGDemo" name="applaunh" time="0.003"/>
</testsuite> <!-- testng.TestNGDemo -->
