<?xml version="1.0" encoding="UTF-8"?>
<!-- Generated by org.testng.reporters.JUnitReportReporter -->
<testsuite hostname="DESKTOP-B4VGDFI" failures="0" tests="5" name="testng.DependancyMethodDemo" time="20.633" errors="0" timestamp="2026-08-06T22:28:58 IST" skipped="0">
  <testcase classname="testng.DependancyMethodDemo" name="lauchApp" time="4.690"/>
  <testcase classname="testng.DependancyMethodDemo" name="verifyLogoDisplayed" time="6.074"/>
  <testcase classname="testng.DependancyMethodDemo" name="login" time="4.666"/>
  <testcase classname="testng.DependancyMethodDemo" name="verifyLoginSucessfully" time="0.058"/>
  <testcase classname="testng.DependancyMethodDemo" name="quit" time="5.145"/>
</testsuite> <!-- testng.DependancyMethodDemo -->
